
INFO  | 2019-11-06 16:26:49 | [main] divers.TraceLog4j (TraceLog4j.java:123) - ________________Début du Jeu!
INFO  | 2019-11-06 16:26:54 | [main] divers.TraceLog4j (TraceLog4j.java:34) - 
 Début du jeu -> Récapitulatif des entrées du jeu:
 Mode de la partie : 1
 Nombre de coups maximums: 5
 Nombre de pions maximums: 5
 Le fichier de configuration du jeu indique :normal!
Le mode administrateur a été demandé en ligne se commande
INFO  | 2019-11-06 16:27:29 | [main] divers.TraceLog4j (TraceLog4j.java:52) - Fin de la manche. Verdict:LE JOUEUR A GAGNE!
INFO  | 2019-11-06 16:27:29 | [main] divers.TraceLog4j (TraceLog4j.java:78) - Selon les combinaisons :
TRACE | 2019-11-06 16:27:29 | [main] divers.TraceLog4j (TraceLog4j.java:80) - 80908
INFO  | 2019-11-06 16:27:29 | [main] divers.TraceLog4j (TraceLog4j.java:65) - ________________________________________
INFO  | 2019-11-06 16:27:31 | [main] divers.TraceLog4j (TraceLog4j.java:126) - ________________Fin du Jeu!
INFO  | 2019-11-07 09:51:42 | [main] divers.TraceLog4j (TraceLog4j.java:123) - ________________Début du Jeu!
INFO  | 2019-11-07 09:51:45 | [main] divers.TraceLog4j (TraceLog4j.java:34) - 
 Début du jeu -> Récapitulatif des entrées du jeu:
 Mode de la partie : 1
 Nombre de coups maximums: 5
 Nombre de pions maximums: 5
 Le fichier de configuration du jeu indique :normal!
Le mode administrateur a été demandé en ligne de commande!
INFO  | 2019-11-07 09:51:50 | [main] divers.TraceLog4j (TraceLog4j.java:52) - Fin de la manche. Verdict:LE JOUEUR A GAGNE!
INFO  | 2019-11-07 09:51:50 | [main] divers.TraceLog4j (TraceLog4j.java:78) - Selon les combinaisons :
TRACE | 2019-11-07 09:51:50 | [main] divers.TraceLog4j (TraceLog4j.java:80) - 47430
INFO  | 2019-11-07 09:51:50 | [main] divers.TraceLog4j (TraceLog4j.java:65) - ________________________________________
INFO  | 2019-11-07 09:51:53 | [main] divers.TraceLog4j (TraceLog4j.java:126) - ________________Fin du Jeu!
INFO  | 2019-11-07 09:52:03 | [main] divers.TraceLog4j (TraceLog4j.java:123) - ________________Début du Jeu!
INFO  | 2019-11-07 09:52:12 | [main] divers.TraceLog4j (TraceLog4j.java:34) - 
 Début du jeu -> Récapitulatif des entrées du jeu:
 Mode de la partie : 1
 Nombre de coups maximums: 5
 Nombre de pions maximums: 5
 Le fichier de configuration du jeu indique :normal!
Le mode administrateur a été demandé en ligne de commande!
INFO  | 2019-11-07 09:52:18 | [main] divers.TraceLog4j (TraceLog4j.java:52) - Fin de la manche. Verdict:LE JOUEUR A GAGNE!
INFO  | 2019-11-07 09:52:18 | [main] divers.TraceLog4j (TraceLog4j.java:78) - Selon les combinaisons :
TRACE | 2019-11-07 09:52:18 | [main] divers.TraceLog4j (TraceLog4j.java:80) - 23864
INFO  | 2019-11-07 09:52:18 | [main] divers.TraceLog4j (TraceLog4j.java:65) - ________________________________________
INFO  | 2019-11-07 09:52:29 | [main] divers.TraceLog4j (TraceLog4j.java:34) - 
 Début du jeu -> Récapitulatif des entrées du jeu:
 Mode de la partie : 1
 Nombre de coups maximums: 5
 Nombre de pions maximums: 5
 Le fichier de configuration du jeu indique :ADMIN!
Le mode administrateur a été demandé en ligne de commande!
INFO  | 2019-11-07 09:52:35 | [main] divers.TraceLog4j (TraceLog4j.java:52) - Fin de la manche. Verdict:LE JOUEUR A GAGNE!
INFO  | 2019-11-07 09:52:35 | [main] divers.TraceLog4j (TraceLog4j.java:78) - Selon les combinaisons :
TRACE | 2019-11-07 09:52:35 | [main] divers.TraceLog4j (TraceLog4j.java:80) - 02894
INFO  | 2019-11-07 09:52:35 | [main] divers.TraceLog4j (TraceLog4j.java:65) - ________________________________________
INFO  | 2019-11-07 09:52:39 | [main] divers.TraceLog4j (TraceLog4j.java:34) - 
 Début du jeu -> Récapitulatif des entrées du jeu:
 Mode de la partie : 1
 Nombre de coups maximums: 5
 Nombre de pions maximums: 5
 Le fichier de configuration du jeu indique :ADMIN!
Le mode administrateur a été demandé en ligne de commande!
INFO  | 2019-11-07 09:52:49 | [main] divers.TraceLog4j (TraceLog4j.java:52) - Fin de la manche. Verdict:LE JOUEUR A GAGNE!
INFO  | 2019-11-07 09:52:49 | [main] divers.TraceLog4j (TraceLog4j.java:78) - Selon les combinaisons :
TRACE | 2019-11-07 09:52:49 | [main] divers.TraceLog4j (TraceLog4j.java:80) - 69277
INFO  | 2019-11-07 09:52:49 | [main] divers.TraceLog4j (TraceLog4j.java:65) - ________________________________________
INFO  | 2019-11-07 09:52:52 | [main] divers.TraceLog4j (TraceLog4j.java:126) - ________________Fin du Jeu!
INFO  | 2019-11-07 09:52:52 | [main] divers.TraceLog4j (TraceLog4j.java:126) - ________________Fin du Jeu!
INFO  | 2019-11-07 09:52:52 | [main] divers.TraceLog4j (TraceLog4j.java:126) - ________________Fin du Jeu!
INFO  | 2019-11-07 09:55:02 | [main] divers.TraceLog4j (TraceLog4j.java:123) - ________________Début du Jeu!
INFO  | 2019-11-07 09:55:08 | [main] divers.TraceLog4j (TraceLog4j.java:34) - 
 Début du jeu -> Récapitulatif des entrées du jeu:
 Mode de la partie : 1
 Nombre de coups maximums: 5
 Nombre de pions maximums: 5
 Le fichier de configuration du jeu indique :normal!
Le mode administrateur a été demandé en ligne de commande!
INFO  | 2019-11-07 09:55:23 | [main] divers.TraceLog4j (TraceLog4j.java:52) - Fin de la manche. Verdict:LE JOUEUR A GAGNE!
INFO  | 2019-11-07 09:55:23 | [main] divers.TraceLog4j (TraceLog4j.java:78) - Selon les combinaisons :
TRACE | 2019-11-07 09:55:23 | [main] divers.TraceLog4j (TraceLog4j.java:80) - 00743
TRACE | 2019-11-07 09:55:23 | [main] divers.TraceLog4j (TraceLog4j.java:80) - 07743
INFO  | 2019-11-07 09:55:23 | [main] divers.TraceLog4j (TraceLog4j.java:65) - ________________________________________
INFO  | 2019-11-07 09:55:28 | [main] divers.TraceLog4j (TraceLog4j.java:34) - 
 Début du jeu -> Récapitulatif des entrées du jeu:
 Mode de la partie : 1
 Nombre de coups maximums: 5
 Nombre de pions maximums: 5
 Le fichier de configuration du jeu indique :ADMIN!
Le mode administrateur a été demandé en ligne de commande!
INFO  | 2019-11-07 09:55:32 | [main] divers.TraceLog4j (TraceLog4j.java:52) - Fin de la manche. Verdict:LE JOUEUR A GAGNE!
INFO  | 2019-11-07 09:55:32 | [main] divers.TraceLog4j (TraceLog4j.java:78) - Selon les combinaisons :
TRACE | 2019-11-07 09:55:32 | [main] divers.TraceLog4j (TraceLog4j.java:80) - 18936
INFO  | 2019-11-07 09:55:32 | [main] divers.TraceLog4j (TraceLog4j.java:65) - ________________________________________
INFO  | 2019-11-07 09:55:40 | [main] divers.TraceLog4j (TraceLog4j.java:34) - 
 Début du jeu -> Récapitulatif des entrées du jeu:
 Mode de la partie : 1
 Nombre de coups maximums: 5
 Nombre de pions maximums: 5
 Le fichier de configuration du jeu indique :ADMIN!
Le mode administrateur a été demandé en ligne de commande!
INFO  | 2019-11-07 09:55:44 | [main] divers.TraceLog4j (TraceLog4j.java:52) - Fin de la manche. Verdict:LE JOUEUR A GAGNE!
INFO  | 2019-11-07 09:55:44 | [main] divers.TraceLog4j (TraceLog4j.java:78) - Selon les combinaisons :
TRACE | 2019-11-07 09:55:44 | [main] divers.TraceLog4j (TraceLog4j.java:80) - 72758
INFO  | 2019-11-07 09:55:44 | [main] divers.TraceLog4j (TraceLog4j.java:65) - ________________________________________
INFO  | 2019-11-07 09:55:47 | [main] divers.TraceLog4j (TraceLog4j.java:126) - ________________Fin du Jeu!
